1780684924.428706 client started (58940): version 3.6b, socket /private/tmp/tmux-501/runie-test, protocol 8
1780684924.428753 on Darwin 25.5.0 Darwin Kernel Version 25.5.0: Mon Apr 27 20:41:26 PDT 2026; root:xnu-12377.121.6~2/RELEASE_ARM64_T8132
1780684924.428764 using libevent 2.1.12-stable select
1780684924.429149 using utf8proc 2.11.3
1780684924.429160 using ncurses 6.6 20251230
1780684924.429175 flags are 0x18010000
1780684924.429182 socket is /private/tmp/tmux-501/runie-test
1780684924.429193 trying connect
1780684924.429207 connect failed: Connection refused
1780684924.429221 lock file is /private/tmp/tmux-501/runie-test.lock
1780684924.429305 flock succeeded
1780684924.429313 got lock (6)
1780684924.429321 trying connect
1780684924.429331 connect failed: Connection refused
1780684924.429862 add peer 0x1052210d0: 7 (0x0)
1780684924.430026 sending message 111 to peer 0x1052210d0 (8 bytes)
1780684924.430042 sending message 111 to peer 0x1052210d0 (8 bytes)
1780684924.430052 sending message 101 to peer 0x1052210d0 (15 bytes)
1780684924.430059 sending message 109 to peer 0x1052210d0 (4 bytes)
1780684924.430066 sending message 102 to peer 0x1052210d0 (1 bytes)
1780684924.430073 sending message 108 to peer 0x1052210d0 (31 bytes)
1780684924.430083 sending message 104 to peer 0x1052210d0 (0 bytes)
1780684924.430092 sending message 110 to peer 0x1052210d0 (0 bytes)
1780684924.430105 sending message 107 to peer 0x1052210d0 (4 bytes)
1780684924.430114 sending message 105 to peer 0x1052210d0 (20 bytes)
1780684924.430122 sending message 105 to peer 0x1052210d0 (15 bytes)
1780684924.430129 sending message 105 to peer 0x1052210d0 (57 bytes)
1780684924.430136 sending message 105 to peer 0x1052210d0 (49 bytes)
1780684924.430143 sending message 105 to peer 0x1052210d0 (34 bytes)
1780684924.430150 sending message 105 to peer 0x1052210d0 (179 bytes)
1780684924.430158 sending message 105 to peer 0x1052210d0 (21 bytes)
1780684924.430165 sending message 105 to peer 0x1052210d0 (21 bytes)
1780684924.430171 sending message 105 to peer 0x1052210d0 (11 bytes)
1780684924.430178 sending message 105 to peer 0x1052210d0 (41 bytes)
1780684924.430185 sending message 105 to peer 0x1052210d0 (38 bytes)
1780684924.430192 sending message 105 to peer 0x1052210d0 (12 bytes)
1780684924.430199 sending message 105 to peer 0x1052210d0 (460 bytes)
1780684924.430206 sending message 105 to peer 0x1052210d0 (25 bytes)
1780684924.430213 sending message 105 to peer 0x1052210d0 (35 bytes)
1780684924.430220 sending message 105 to peer 0x1052210d0 (13 bytes)
1780684924.430227 sending message 105 to peer 0x1052210d0 (56 bytes)
1780684924.430234 sending message 105 to peer 0x1052210d0 (8 bytes)
1780684924.430241 sending message 105 to peer 0x1052210d0 (18 bytes)
1780684924.430248 sending message 105 to peer 0x1052210d0 (30 bytes)
1780684924.430255 sending message 105 to peer 0x1052210d0 (14 bytes)
1780684924.430264 sending message 105 to peer 0x1052210d0 (18 bytes)
1780684924.430273 sending message 105 to peer 0x1052210d0 (83 bytes)
1780684924.430280 sending message 105 to peer 0x1052210d0 (60 bytes)
1780684924.430285 sending message 105 to peer 0x1052210d0 (37 bytes)
1780684924.430290 sending message 105 to peer 0x1052210d0 (20 bytes)
1780684924.430295 sending message 106 to peer 0x1052210d0 (0 bytes)
1780684924.430326 cmd_pack_argv: argv[0]=new-session
1780684924.430332 cmd_pack_argv: argv[1]=-d
1780684924.430338 cmd_pack_argv: argv[2]=-s
1780684924.430343 cmd_pack_argv: argv[3]=runie
1780684924.430348 cmd_pack_argv: argv[4]=echo hello
1780684924.430353 sending message 200 to peer 0x1052210d0 (39 bytes)
1780684924.430358 client loop enter
1780684924.430439 client_signal: Child exited: 20
1780684924.465485 peer 0x1052210d0 message 203
1780684924.465493 client loop exit
